This file contains any messages produced by compilers while
running configure, to aid debugging if configure makes a mistake.

It was created by libb2 configure 0.97, which was
generated by GNU Autoconf 2.69.  Invocation command line was

  $ ./configure 

## --------- ##
## Platform. ##
## --------- ##

hostname = matthew-AM1M-S2H
uname -m = x86_64
uname -r = 4.4.0-28-generic
uname -s = Linux
uname -v = #47-Ubuntu SMP Fri Jun 24 10:09:13 UTC 2016

/usr/bin/uname -p = unknown
/bin/uname -X     = unknown

/bin/arch              = unknown
/usr/bin/arch -k       = unknown
/usr/convex/getsysinfo = unknown
/usr/bin/hostinfo      = unknown
/bin/machine           = unknown
/usr/bin/oslevel       = unknown
/bin/universe          = unknown

PATH: /home/matthew/bin
PATH: /usr/local/sbin
PATH: /usr/local/bin
PATH: /usr/sbin
PATH: /usr/bin
PATH: /sbin
PATH: /bin
PATH: /usr/games
PATH: /usr/local/games
PATH: /snap/bin


## ----------- ##
## Core tests. ##
## ----------- ##

configure:2398: checking for a BSD-compatible install
configure:2466: result: /usr/bin/install -c
configure:2477: checking whether build environment is sane
configure:2532: result: yes
configure:2683: checking for a thread-safe mkdir -p
configure:2722: result: /bin/mkdir -p
configure:2729: checking for gawk
configure:2759: result: no
configure:2729: checking for mawk
configure:2745: found /usr/bin/mawk
configure:2756: result: mawk
configure:2767: checking whether make sets $(MAKE)
configure:2789: result: yes
configure:2818: checking whether make supports nested variables
configure:2835: result: yes
configure:3020: checking for gcc
configure:3036: found /usr/bin/gcc
configure:3047: result: gcc
configure:3276: checking for C compiler version
configure:3285: gcc --version >&5
gcc (Ubuntu 5.3.1-14ubuntu2.1) 5.3.1 20160413
Copyright (C) 2015 Free Software Foundation, Inc.
This is free software; see the source for copying conditions.  There is NO
warranty; not even for MERCHANTABILITY or FITNESS FOR A PARTICULAR PURPOSE.

configure:3296: $? = 0
configure:3285: gcc -v >&5
Using built-in specs.
COLLECT_GCC=gcc
COLLECT_LTO_WRAPPER=/usr/lib/gcc/x86_64-linux-gnu/5/lto-wrapper
Target: x86_64-linux-gnu
Configured with: ../src/configure -v --with-pkgversion='Ubuntu 5.3.1-14ubuntu2.1' --with-bugurl=file:///usr/share/doc/gcc-5/README.Bugs --enable-languages=c,ada,c++,java,go,d,fortran,objc,obj-c++ --prefix=/usr --program-suffix=-5 --enable-shared --enable-linker-build-id --libexecdir=/usr/lib --without-included-gettext --enable-threads=posix --libdir=/usr/lib --enable-nls --with-sysroot=/ --enable-clocale=gnu --enable-libstdcxx-debug --enable-libstdcxx-time=yes --with-default-libstdcxx-abi=new --enable-gnu-unique-object --disable-vtable-verify --enable-libmpx --enable-plugin --with-system-zlib --disable-browser-plugin --enable-java-awt=gtk --enable-gtk-cairo --with-java-home=/usr/lib/jvm/java-1.5.0-gcj-5-amd64/jre --enable-java-home --with-jvm-root-dir=/usr/lib/jvm/java-1.5.0-gcj-5-amd64 --with-jvm-jar-dir=/usr/lib/jvm-exports/java-1.5.0-gcj-5-amd64 --with-arch-directory=amd64 --with-ecj-jar=/usr/share/java/eclipse-ecj.jar --enable-objc-gc --enable-multiarch --disable-werror --with-arch-32=i686 --with-abi=m64 --with-multilib-list=m32,m64,mx32 --enable-multilib --with-tune=generic --enable-checking=release --build=x86_64-linux-gnu --host=x86_64-linux-gnu --target=x86_64-linux-gnu
Thread model: posix
gcc version 5.3.1 20160413 (Ubuntu 5.3.1-14ubuntu2.1) 
configure:3296: $? = 0
configure:3285: gcc -V >&5
gcc: error: unrecognized command line option '-V'
gcc: fatal error: no input files
compilation terminated.
configure:3296: $? = 1
configure:3285: gcc -qversion >&5
gcc: error: unrecognized command line option '-qversion'
gcc: fatal error: no input files
compilation terminated.
configure:3296: $? = 1
configure:3316: checking whether the C compiler works
configure:3338: gcc    conftest.c  >&5
configure:3342: $? = 0
configure:3390: result: yes
configure:3393: checking for C compiler default output file name
configure:3395: result: a.out
configure:3401: checking for suffix of executables
configure:3408: gcc -o conftest    conftest.c  >&5
configure:3412: $? = 0
configure:3434: result: 
configure:3456: checking whether we are cross compiling
configure:3464: gcc -o conftest    conftest.c  >&5
configure:3468: $? = 0
configure:3475: ./conftest
configure:3479: $? = 0
configure:3494: result: no
configure:3499: checking for suffix of object files
configure:3521: gcc -c   conftest.c >&5
configure:3525: $? = 0
configure:3546: result: o
configure:3550: checking whether we are using the GNU C compiler
configure:3569: gcc -c   conftest.c >&5
configure:3569: $? = 0
configure:3578: result: yes
configure:3587: checking whether gcc accepts -g
configure:3607: gcc -c -g  conftest.c >&5
configure:3607: $? = 0
configure:3648: result: yes
configure:3665: checking for gcc option to accept ISO C89
configure:3728: gcc  -c -g -O2  conftest.c >&5
configure:3728: $? = 0
configure:3741: result: none needed
configure:3766: checking whether gcc understands -c and -o together
configure:3788: gcc -c conftest.c -o conftest2.o
configure:3791: $? = 0
configure:3788: gcc -c conftest.c -o conftest2.o
configure:3791: $? = 0
configure:3803: result: yes
configure:3831: checking for style of include used by make
configure:3859: result: GNU
configure:3885: checking dependency style of gcc
configure:3996: result: gcc3
configure:4011: checking for gcc option to accept ISO C99
configure:4160: gcc  -c -g -O2  conftest.c >&5
configure:4160: $? = 0
configure:4173: result: none needed
configure:4195: checking how to run the C preprocessor
configure:4226: gcc -E  conftest.c
configure:4226: $? = 0
configure:4240: gcc -E  conftest.c
conftest.c:11:28: fatal error: ac_nonexistent.h: No such file or directory
compilation terminated.
configure:4240: $? = 1
configure: failed program was:
| /* confdefs.h */
| #define PACKAGE_NAME "libb2"
| #define PACKAGE_TARNAME "libb2"
| #define PACKAGE_VERSION "0.97"
| #define PACKAGE_STRING "libb2 0.97"
| #define PACKAGE_BUGREPORT "contact@blake2.net"
| #define PACKAGE_URL "https://blake2.net"
| #define PACKAGE "libb2"
| #define VERSION "0.97"
| /* end confdefs.h.  */
| #include <ac_nonexistent.h>
configure:4265: result: gcc -E
configure:4285: gcc -E  conftest.c
configure:4285: $? = 0
configure:4299: gcc -E  conftest.c
conftest.c:11:28: fatal error: ac_nonexistent.h: No such file or directory
compilation terminated.
configure:4299: $? = 1
configure: failed program was:
| /* confdefs.h */
| #define PACKAGE_NAME "libb2"
| #define PACKAGE_TARNAME "libb2"
| #define PACKAGE_VERSION "0.97"
| #define PACKAGE_STRING "libb2 0.97"
| #define PACKAGE_BUGREPORT "contact@blake2.net"
| #define PACKAGE_URL "https://blake2.net"
| #define PACKAGE "libb2"
| #define VERSION "0.97"
| /* end confdefs.h.  */
| #include <ac_nonexistent.h>
configure:4328: checking for grep that handles long lines and -e
configure:4386: result: /bin/grep
configure:4391: checking for egrep
configure:4453: result: /bin/grep -E
configure:4458: checking for ANSI C header files
configure:4478: gcc -c -g -O2  conftest.c >&5
configure:4478: $? = 0
configure:4551: gcc -o conftest -g -O2   conftest.c  >&5
configure:4551: $? = 0
configure:4551: ./conftest
configure:4551: $? = 0
configure:4562: result: yes
configure:4575: checking for sys/types.h
configure:4575: gcc -c -g -O2  conftest.c >&5
configure:4575: $? = 0
configure:4575: result: yes
configure:4575: checking for sys/stat.h
configure:4575: gcc -c -g -O2  conftest.c >&5
configure:4575: $? = 0
configure:4575: result: yes
configure:4575: checking for stdlib.h
configure:4575: gcc -c -g -O2  conftest.c >&5
configure:4575: $? = 0
configure:4575: result: yes
configure:4575: checking for string.h
configure:4575: gcc -c -g -O2  conftest.c >&5
configure:4575: $? = 0
configure:4575: result: yes
configure:4575: checking for memory.h
configure:4575: gcc -c -g -O2  conftest.c >&5
configure:4575: $? = 0
configure:4575: result: yes
configure:4575: checking for strings.h
configure:4575: gcc -c -g -O2  conftest.c >&5
configure:4575: $? = 0
configure:4575: result: yes
configure:4575: checking for inttypes.h
configure:4575: gcc -c -g -O2  conftest.c >&5
configure:4575: $? = 0
configure:4575: result: yes
configure:4575: checking for stdint.h
configure:4575: gcc -c -g -O2  conftest.c >&5
configure:4575: $? = 0
configure:4575: result: yes
configure:4575: checking for unistd.h
configure:4575: gcc -c -g -O2  conftest.c >&5
configure:4575: $? = 0
configure:4575: result: yes
configure:4590: checking stddef.h usability
configure:4590: gcc -c -g -O2  conftest.c >&5
configure:4590: $? = 0
configure:4590: result: yes
configure:4590: checking stddef.h presence
configure:4590: gcc -E  conftest.c
configure:4590: $? = 0
configure:4590: result: yes
configure:4590: checking for stddef.h
configure:4590: result: yes
configure:4590: checking for stdint.h
configure:4590: result: yes
configure:4590: checking for stdlib.h
configure:4590: result: yes
configure:4590: checking for string.h
configure:4590: result: yes
configure:4608: checking for gcc option to support OpenMP
configure:4623: gcc -o conftest -g -O2   conftest.c  >&5
conftest.c:27:2: error: unknown type name 'choke'
  choke me
  ^
In file included from conftest.c:29:0:
/usr/lib/gcc/x86_64-linux-gnu/5/include/omp.h:35:1: error: expected '=', ',', ';', 'asm' or '__attribute__' before 'typedef'
 typedef struct
 ^
configure:4623: $? = 1
configure: failed program was:
| /* confdefs.h */
| #define PACKAGE_NAME "libb2"
| #define PACKAGE_TARNAME "libb2"
| #define PACKAGE_VERSION "0.97"
| #define PACKAGE_STRING "libb2 0.97"
| #define PACKAGE_BUGREPORT "contact@blake2.net"
| #define PACKAGE_URL "https://blake2.net"
| #define PACKAGE "libb2"
| #define VERSION "0.97"
| #define STDC_HEADERS 1
| #define HAVE_SYS_TYPES_H 1
| #define HAVE_SYS_STAT_H 1
| #define HAVE_STDLIB_H 1
| #define HAVE_STRING_H 1
| #define HAVE_MEMORY_H 1
| #define HAVE_STRINGS_H 1
| #define HAVE_INTTYPES_H 1
| #define HAVE_STDINT_H 1
| #define HAVE_UNISTD_H 1
| #define HAVE_STDDEF_H 1
| #define HAVE_STDINT_H 1
| #define HAVE_STDLIB_H 1
| #define HAVE_STRING_H 1
| /* end confdefs.h.  */
| 
| #ifndef _OPENMP
|  choke me
| #endif
| #include <omp.h>
| int main () { return omp_get_num_threads (); }
| 
configure:4641: gcc -o conftest -g -O2 -fopenmp   conftest.c  >&5
configure:4641: $? = 0
configure:4655: result: -fopenmp
configure:4666: checking if pointers to integers require aligned access
configure:4696: gcc -o conftest -g -O2   conftest.c  >&5
conftest.c: In function 'main':
conftest.c:33:33: error: expected expression before '[' token
   for (i=0; i < 40; i++) string[[i]] = i;
                                 ^
configure:4696: $? = 1
configure: program exited with status 1
configure: failed program was:
| /* confdefs.h */
| #define PACKAGE_NAME "libb2"
| #define PACKAGE_TARNAME "libb2"
| #define PACKAGE_VERSION "0.97"
| #define PACKAGE_STRING "libb2 0.97"
| #define PACKAGE_BUGREPORT "contact@blake2.net"
| #define PACKAGE_URL "https://blake2.net"
| #define PACKAGE "libb2"
| #define VERSION "0.97"
| #define STDC_HEADERS 1
| #define HAVE_SYS_TYPES_H 1
| #define HAVE_SYS_STAT_H 1
| #define HAVE_STDLIB_H 1
| #define HAVE_STRING_H 1
| #define HAVE_MEMORY_H 1
| #define HAVE_STRINGS_H 1
| #define HAVE_INTTYPES_H 1
| #define HAVE_STDINT_H 1
| #define HAVE_UNISTD_H 1
| #define HAVE_STDDEF_H 1
| #define HAVE_STDINT_H 1
| #define HAVE_STDLIB_H 1
| #define HAVE_STRING_H 1
| /* end confdefs.h.  */
| 
| #include <stdio.h>
| #include <stdlib.h>
| 
| int main()
| {
|   char* string = malloc(40);
|   int i;
|   for (i=0; i < 40; i++) string[[i]] = i;
|   {
|      void* s = string;
|      int* p = s+1;
|      int* q = s+2;
| 
|      if (*p == *q) { return 1; }
|   }
|   return 0;
| }
| 
configure:4707: result: no
configure:4716: checking whether byte ordering is bigendian
configure:4731: gcc -c -g -O2  conftest.c >&5
conftest.c:26:9: error: unknown type name 'not'
         not a universal capable compiler
         ^
conftest.c:26:15: error: expected '=', ',', ';', 'asm' or '__attribute__' before 'universal'
         not a universal capable compiler
               ^
conftest.c:26:15: error: unknown type name 'universal'
configure:4731: $? = 1
configure: failed program was:
| /* confdefs.h */
| #define PACKAGE_NAME "libb2"
| #define PACKAGE_TARNAME "libb2"
| #define PACKAGE_VERSION "0.97"
| #define PACKAGE_STRING "libb2 0.97"
| #define PACKAGE_BUGREPORT "contact@blake2.net"
| #define PACKAGE_URL "https://blake2.net"
| #define PACKAGE "libb2"
| #define VERSION "0.97"
| #define STDC_HEADERS 1
| #define HAVE_SYS_TYPES_H 1
| #define HAVE_SYS_STAT_H 1
| #define HAVE_STDLIB_H 1
| #define HAVE_STRING_H 1
| #define HAVE_MEMORY_H 1
| #define HAVE_STRINGS_H 1
| #define HAVE_INTTYPES_H 1
| #define HAVE_STDINT_H 1
| #define HAVE_UNISTD_H 1
| #define HAVE_STDDEF_H 1
| #define HAVE_STDINT_H 1
| #define HAVE_STDLIB_H 1
| #define HAVE_STRING_H 1
| /* end confdefs.h.  */
| #ifndef __APPLE_CC__
| 	       not a universal capable compiler
| 	     #endif
| 	     typedef int dummy;
| 
configure:4776: gcc -c -g -O2  conftest.c >&5
configure:4776: $? = 0
configure:4794: gcc -c -g -O2  conftest.c >&5
conftest.c: In function 'main':
conftest.c:32:4: error: unknown type name 'not'
    not big endian
    ^
conftest.c:32:12: error: expected '=', ',', ';', 'asm' or '__attribute__' before 'endian'
    not big endian
            ^
configure:4794: $? = 1
configure: failed program was:
| /* confdefs.h */
| #define PACKAGE_NAME "libb2"
| #define PACKAGE_TARNAME "libb2"
| #define PACKAGE_VERSION "0.97"
| #define PACKAGE_STRING "libb2 0.97"
| #define PACKAGE_BUGREPORT "contact@blake2.net"
| #define PACKAGE_URL "https://blake2.net"
| #define PACKAGE "libb2"
| #define VERSION "0.97"
| #define STDC_HEADERS 1
| #define HAVE_SYS_TYPES_H 1
| #define HAVE_SYS_STAT_H 1
| #define HAVE_STDLIB_H 1
| #define HAVE_STRING_H 1
| #define HAVE_MEMORY_H 1
| #define HAVE_STRINGS_H 1
| #define HAVE_INTTYPES_H 1
| #define HAVE_STDINT_H 1
| #define HAVE_UNISTD_H 1
| #define HAVE_STDDEF_H 1
| #define HAVE_STDINT_H 1
| #define HAVE_STDLIB_H 1
| #define HAVE_STRING_H 1
| /* end confdefs.h.  */
| #include <sys/types.h>
| 		#include <sys/param.h>
| 
| int
| main ()
| {
| #if BYTE_ORDER != BIG_ENDIAN
| 		 not big endian
| 		#endif
| 
|   ;
|   return 0;
| }
configure:4922: result: no
configure:4942: checking for inline
configure:4958: gcc -c -g -O2  conftest.c >&5
configure:4958: $? = 0
configure:4966: result: inline
configure:4984: checking for size_t
configure:4984: gcc -c -g -O2  conftest.c >&5
configure:4984: $? = 0
configure:4984: gcc -c -g -O2  conftest.c >&5
conftest.c: In function 'main':
conftest.c:62:21: error: expected expression before ')' token
 if (sizeof ((size_t)))
                     ^
configure:4984: $? = 1
configure: failed program was:
| /* confdefs.h */
| #define PACKAGE_NAME "libb2"
| #define PACKAGE_TARNAME "libb2"
| #define PACKAGE_VERSION "0.97"
| #define PACKAGE_STRING "libb2 0.97"
| #define PACKAGE_BUGREPORT "contact@blake2.net"
| #define PACKAGE_URL "https://blake2.net"
| #define PACKAGE "libb2"
| #define VERSION "0.97"
| #define STDC_HEADERS 1
| #define HAVE_SYS_TYPES_H 1
| #define HAVE_SYS_STAT_H 1
| #define HAVE_STDLIB_H 1
| #define HAVE_STRING_H 1
| #define HAVE_MEMORY_H 1
| #define HAVE_STRINGS_H 1
| #define HAVE_INTTYPES_H 1
| #define HAVE_STDINT_H 1
| #define HAVE_UNISTD_H 1
| #define HAVE_STDDEF_H 1
| #define HAVE_STDINT_H 1
| #define HAVE_STDLIB_H 1
| #define HAVE_STRING_H 1
| #define NATIVE_LITTLE_ENDIAN 1
| /* end confdefs.h.  */
| #include <stdio.h>
| #ifdef HAVE_SYS_TYPES_H
| # include <sys/types.h>
| #endif
| #ifdef HAVE_SYS_STAT_H
| # include <sys/stat.h>
| #endif
| #ifdef STDC_HEADERS
| # include <stdlib.h>
| # include <stddef.h>
| #else
| # ifdef HAVE_STDLIB_H
| #  include <stdlib.h>
| # endif
| #endif
| #ifdef HAVE_STRING_H
| # if !defined STDC_HEADERS && defined HAVE_MEMORY_H
| #  include <memory.h>
| # endif
| # include <string.h>
| #endif
| #ifdef HAVE_STRINGS_H
| # include <strings.h>
| #endif
| #ifdef HAVE_INTTYPES_H
| # include <inttypes.h>
| #endif
| #ifdef HAVE_STDINT_H
| # include <stdint.h>
| #endif
| #ifdef HAVE_UNISTD_H
| # include <unistd.h>
| #endif
| int
| main ()
| {
| if (sizeof ((size_t)))
| 	    return 0;
|   ;
|   return 0;
| }
configure:4984: result: yes
configure:4995: checking for uint32_t
configure:4995: gcc -c -g -O2  conftest.c >&5
configure:4995: $? = 0
configure:4995: result: yes
configure:5009: checking for uint64_t
configure:5009: gcc -c -g -O2  conftest.c >&5
configure:5009: $? = 0
configure:5009: result: yes
configure:5023: checking for uint8_t
configure:5023: gcc -c -g -O2  conftest.c >&5
configure:5023: $? = 0
configure:5023: result: yes
configure:5041: checking for memset
configure:5041: gcc -o conftest -g -O2   conftest.c  >&5
conftest.c:49:6: warning: conflicting types for built-in function 'memset'
 char memset ();
      ^
configure:5041: $? = 0
configure:5041: result: yes
configure:5080: checking build system type
configure:5094: result: x86_64-pc-linux-gnu
configure:5114: checking host system type
configure:5127: result: x86_64-pc-linux-gnu
configure:5168: checking how to print strings
configure:5195: result: printf
configure:5216: checking for a sed that does not truncate output
configure:5280: result: /bin/sed
configure:5298: checking for fgrep
configure:5360: result: /bin/grep -F
configure:5395: checking for ld used by gcc
configure:5462: result: /usr/bin/ld
configure:5469: checking if the linker (/usr/bin/ld) is GNU ld
configure:5484: result: yes
configure:5496: checking for BSD- or MS-compatible name lister (nm)
configure:5550: result: /usr/bin/nm -B
configure:5680: checking the name lister (/usr/bin/nm -B) interface
configure:5687: gcc -c -g -O2  conftest.c >&5
configure:5690: /usr/bin/nm -B "conftest.o"
configure:5693: output
0000000000000000 B some_variable
configure:5700: result: BSD nm
configure:5703: checking whether ln -s works
configure:5707: result: yes
configure:5715: checking the maximum length of command line arguments
configure:5846: result: 1572864
configure:5894: checking how to convert x86_64-pc-linux-gnu file names to x86_64-pc-linux-gnu format
configure:5934: result: func_convert_file_noop
configure:5941: checking how to convert x86_64-pc-linux-gnu file names to toolchain format
configure:5961: result: func_convert_file_noop
configure:5968: checking for /usr/bin/ld option to reload object files
configure:5975: result: -r
configure:6049: checking for objdump
configure:6065: found /usr/bin/objdump
configure:6076: result: objdump
configure:6108: checking how to recognize dependent libraries
configure:6308: result: pass_all
configure:6393: checking for dlltool
configure:6423: result: no
configure:6453: checking how to associate runtime and link libraries
configure:6480: result: printf %s\n
configure:6540: checking for ar
configure:6556: found /usr/bin/ar
configure:6567: result: ar
configure:6604: checking for archiver @FILE support
configure:6621: gcc -c -g -O2  conftest.c >&5
configure:6621: $? = 0
configure:6624: ar cru libconftest.a @conftest.lst >&5
ar: `u' modifier ignored since `D' is the default (see `U')
configure:6627: $? = 0
configure:6632: ar cru libconftest.a @conftest.lst >&5
ar: `u' modifier ignored since `D' is the default (see `U')
ar: conftest.o: No such file or directory
configure:6635: $? = 1
configure:6647: result: @
configure:6705: checking for strip
configure:6721: found /usr/bin/strip
configure:6732: result: strip
configure:6804: checking for ranlib
configure:6820: found /usr/bin/ranlib
configure:6831: result: ranlib
configure:6933: checking command to parse /usr/bin/nm -B output from gcc object
configure:7086: gcc -c -g -O2  conftest.c >&5
configure:7089: $? = 0
configure:7093: /usr/bin/nm -B conftest.o \| sed -n -e 's/^.*[ ]\([ABCDGIRSTW][ABCDGIRSTW]*\)[ ][ ]*\([_A-Za-z][_A-Za-z0-9]*\)$/\1 \2 \2/p' | sed '/ __gnu_lto/d' \> conftest.nm
configure:7096: $? = 0
configure:7162: gcc -o conftest -g -O2   conftest.c conftstm.o >&5
configure:7165: $? = 0
configure:7203: result: ok
configure:7250: checking for sysroot
configure:7280: result: no
configure:7287: checking for a working dd
configure:7325: result: /bin/dd
configure:7329: checking how to truncate binary pipes
configure:7344: result: /bin/dd bs=4096 count=1
configure:7480: gcc -c -g -O2  conftest.c >&5
configure:7483: $? = 0
configure:7673: checking for mt
configure:7689: found /bin/mt
configure:7700: result: mt
configure:7723: checking if mt is a manifest tool
configure:7729: mt '-?'
configure:7737: result: no
configure:8411: checking for dlfcn.h
configure:8411: gcc -c -g -O2  conftest.c >&5
configure:8411: $? = 0
configure:8411: result: yes
configure:8667: checking for objdir
configure:8682: result: .libs
configure:8946: checking if gcc supports -fno-rtti -fno-exceptions
configure:8964: gcc -c -g -O2  -fno-rtti -fno-exceptions conftest.c >&5
cc1: warning: command line option '-fno-rtti' is valid for C++/ObjC++ but not for C
configure:8968: $? = 0
configure:8981: result: no
configure:9339: checking for gcc option to produce PIC
configure:9346: result: -fPIC -DPIC
configure:9354: checking if gcc PIC flag -fPIC -DPIC works
configure:9372: gcc -c -g -O2  -fPIC -DPIC -DPIC conftest.c >&5
configure:9376: $? = 0
configure:9389: result: yes
configure:9418: checking if gcc static flag -static works
configure:9446: result: yes
configure:9461: checking if gcc supports -c -o file.o
configure:9482: gcc -c -g -O2  -o out/conftest2.o conftest.c >&5
configure:9486: $? = 0
configure:9508: result: yes
configure:9516: checking if gcc supports -c -o file.o
configure:9563: result: yes
configure:9596: checking whether the gcc linker (/usr/bin/ld -m elf_x86_64) supports shared libraries
configure:10859: result: yes
configure:10896: checking whether -lc should be explicitly linked in
configure:10904: gcc -c -g -O2  conftest.c >&5
configure:10907: $? = 0
configure:10922: gcc -shared  -fPIC -DPIC conftest.o  -v -Wl,-soname -Wl,conftest -o conftest 2\>\&1 \| /bin/grep  -lc  \>/dev/null 2\>\&1
configure:10925: $? = 0
configure:10939: result: no
configure:11099: checking dynamic linker characteristics
configure:11680: gcc -o conftest -g -O2   -Wl,-rpath -Wl,/foo conftest.c  >&5
configure:11680: $? = 0
configure:11929: result: GNU/Linux ld.so
configure:12051: checking how to hardcode library paths into programs
configure:12076: result: immediate
configure:12624: checking whether stripping libraries is possible
configure:12629: result: yes
configure:12664: checking if libtool supports shared libraries
configure:12666: result: yes
configure:12669: checking whether to build shared libraries
configure:12694: result: yes
configure:12697: checking whether to build static libraries
configure:12701: result: yes
configure:12764: checking whether C compiler accepts -O3
configure:12783: gcc -c -g -O2  -O3  conftest.c >&5
In file included from /usr/include/stdio.h:936:0,
                 from conftest.c:29:
In function 'fgets',
    inlined from 'main' at conftest.c:33:47:
/usr/include/x86_64-linux-gnu/bits/stdio2.h:261:9: warning: call to '__fgets_chk_warn' declared with attribute warning: fgets called with bigger size than length of destination buffer
  return __fgets_chk_warn (__s, __bos (__s), __n, __stream);
         ^
configure:12783: $? = 0
configure:12791: result: yes
configure:12799: checking whether C compiler accepts -march=native
configure:12818: gcc -c -O3  -march=native  conftest.c >&5
In file included from /usr/include/stdio.h:936:0,
                 from conftest.c:29:
In function 'fgets',
    inlined from 'main' at conftest.c:33:47:
/usr/include/x86_64-linux-gnu/bits/stdio2.h:261:9: warning: call to '__fgets_chk_warn' declared with attribute warning: fgets called with bigger size than length of destination buffer
  return __fgets_chk_warn (__s, __bos (__s), __n, __stream);
         ^
configure:12818: $? = 0
configure:12826: result: yes
configure:13019: checking for x86 cpuid  output
configure:13048: gcc -o conftest -O3   conftest.c  >&5
conftest.c: In function 'main':
conftest.c:34:15: error: expected expression before ',' token
      int op = , eax, ebx, ecx, edx;
               ^
configure:13048: $? = 1
configure: program exited with status 1
configure: failed program was:
| /* confdefs.h */
| #define PACKAGE_NAME "libb2"
| #define PACKAGE_TARNAME "libb2"
| #define PACKAGE_VERSION "0.97"
| #define PACKAGE_STRING "libb2 0.97"
| #define PACKAGE_BUGREPORT "contact@blake2.net"
| #define PACKAGE_URL "https://blake2.net"
| #define PACKAGE "libb2"
| #define VERSION "0.97"
| #define STDC_HEADERS 1
| #define HAVE_SYS_TYPES_H 1
| #define HAVE_SYS_STAT_H 1
| #define HAVE_STDLIB_H 1
| #define HAVE_STRING_H 1
| #define HAVE_MEMORY_H 1
| #define HAVE_STRINGS_H 1
| #define HAVE_INTTYPES_H 1
| #define HAVE_STDINT_H 1
| #define HAVE_UNISTD_H 1
| #define HAVE_STDDEF_H 1
| #define HAVE_STDINT_H 1
| #define HAVE_STDLIB_H 1
| #define HAVE_STRING_H 1
| #define NATIVE_LITTLE_ENDIAN 1
| #define HAVE_MEMSET 1
| #define HAVE_DLFCN_H 1
| #define LT_OBJDIR ".libs/"
| /* end confdefs.h.  */
| #include <stdio.h>
| int
| main ()
| {
| 
|      int op = , eax, ebx, ecx, edx;
|      FILE *f;
|       __asm__("cpuid"
|         : "=a" (eax), "=b" (ebx), "=c" (ecx), "=d" (edx)
|         : "a" (op));
|      f = fopen("conftest_cpuid", "w"); if (!f) return 1;
|      fprintf(f, "%x:%x:%x:%x\n", eax, ebx, ecx, edx);
|      fclose(f);
|      return 0;
| 
|   ;
|   return 0;
| }
configure:13058: result: unknown
configure:13142: checking for x86 cpuid 0x00000001 output
configure:13171: gcc -o conftest -O3   conftest.c  >&5
configure:13171: $? = 0
configure:13171: ./conftest
configure:13171: $? = 0
configure:13181: result: 700f01:3040800:3ed8220b:178bfbff
configure:13193: checking whether mmx is supported
configure:13205: result: yes
configure:13208: checking whether sse is supported
configure:13220: result: yes
configure:13223: checking whether sse2 is supported
configure:13235: result: yes
configure:13238: checking whether sse3 is supported
configure:13250: result: yes
configure:13253: checking whether ssse3 is supported
configure:13265: result: yes
configure:13268: checking whether sse4.1 is supported
configure:13280: result: yes
configure:13283: checking whether sse4.2 is supported
configure:13295: result: yes
configure:13298: checking whether avx is supported
configure:13310: result: yes
configure:13314: checking whether C compiler accepts -mmmx
configure:13333: gcc -c -O3  -mmmx  conftest.c >&5
In file included from /usr/include/stdio.h:936:0,
                 from conftest.c:29:
In function 'fgets',
    inlined from 'main' at conftest.c:33:47:
/usr/include/x86_64-linux-gnu/bits/stdio2.h:261:9: warning: call to '__fgets_chk_warn' declared with attribute warning: fgets called with bigger size than length of destination buffer
  return __fgets_chk_warn (__s, __bos (__s), __n, __stream);
         ^
configure:13333: $? = 0
configure:13341: result: yes
configure:13361: checking whether C compiler accepts -msse
configure:13380: gcc -c -O3  -msse  conftest.c >&5
In file included from /usr/include/stdio.h:936:0,
                 from conftest.c:30:
In function 'fgets',
    inlined from 'main' at conftest.c:34:47:
/usr/include/x86_64-linux-gnu/bits/stdio2.h:261:9: warning: call to '__fgets_chk_warn' declared with attribute warning: fgets called with bigger size than length of destination buffer
  return __fgets_chk_warn (__s, __bos (__s), __n, __stream);
         ^
configure:13380: $? = 0
configure:13388: result: yes
configure:13408: checking whether C compiler accepts -msse2
configure:13427: gcc -c -O3  -msse2  conftest.c >&5
In file included from /usr/include/stdio.h:936:0,
                 from conftest.c:31:
In function 'fgets',
    inlined from 'main' at conftest.c:35:47:
/usr/include/x86_64-linux-gnu/bits/stdio2.h:261:9: warning: call to '__fgets_chk_warn' declared with attribute warning: fgets called with bigger size than length of destination buffer
  return __fgets_chk_warn (__s, __bos (__s), __n, __stream);
         ^
configure:13427: $? = 0
configure:13435: result: yes
configure:13455: checking whether C compiler accepts -msse3
configure:13474: gcc -c -O3  -msse3  conftest.c >&5
In file included from /usr/include/stdio.h:936:0,
                 from conftest.c:32:
In function 'fgets',
    inlined from 'main' at conftest.c:36:47:
/usr/include/x86_64-linux-gnu/bits/stdio2.h:261:9: warning: call to '__fgets_chk_warn' declared with attribute warning: fgets called with bigger size than length of destination buffer
  return __fgets_chk_warn (__s, __bos (__s), __n, __stream);
         ^
configure:13474: $? = 0
configure:13482: result: yes
configure:13502: checking whether C compiler accepts -mssse3
configure:13521: gcc -c -O3  -mssse3  conftest.c >&5
In file included from /usr/include/stdio.h:936:0,
                 from conftest.c:33:
In function 'fgets',
    inlined from 'main' at conftest.c:37:47:
/usr/include/x86_64-linux-gnu/bits/stdio2.h:261:9: warning: call to '__fgets_chk_warn' declared with attribute warning: fgets called with bigger size than length of destination buffer
  return __fgets_chk_warn (__s, __bos (__s), __n, __stream);
         ^
configure:13521: $? = 0
configure:13529: result: yes
configure:13549: checking whether C compiler accepts -msse4.1
configure:13568: gcc -c -O3  -msse4.1  conftest.c >&5
In file included from /usr/include/stdio.h:936:0,
                 from conftest.c:34:
In function 'fgets',
    inlined from 'main' at conftest.c:38:47:
/usr/include/x86_64-linux-gnu/bits/stdio2.h:261:9: warning: call to '__fgets_chk_warn' declared with attribute warning: fgets called with bigger size than length of destination buffer
  return __fgets_chk_warn (__s, __bos (__s), __n, __stream);
         ^
configure:13568: $? = 0
configure:13576: result: yes
configure:13596: checking whether C compiler accepts -msse4.2
configure:13615: gcc -c -O3  -msse4.2  conftest.c >&5
In file included from /usr/include/stdio.h:936:0,
                 from conftest.c:35:
In function 'fgets',
    inlined from 'main' at conftest.c:39:47:
/usr/include/x86_64-linux-gnu/bits/stdio2.h:261:9: warning: call to '__fgets_chk_warn' declared with attribute warning: fgets called with bigger size than length of destination buffer
  return __fgets_chk_warn (__s, __bos (__s), __n, __stream);
         ^
configure:13615: $? = 0
configure:13623: result: yes
configure:13643: checking whether C compiler accepts -mavx
configure:13662: gcc -c -O3  -mavx  conftest.c >&5
In file included from /usr/include/stdio.h:936:0,
                 from conftest.c:36:
In function 'fgets',
    inlined from 'main' at conftest.c:40:47:
/usr/include/x86_64-linux-gnu/bits/stdio2.h:261:9: warning: call to '__fgets_chk_warn' declared with attribute warning: fgets called with bigger size than length of destination buffer
  return __fgets_chk_warn (__s, __bos (__s), __n, __stream);
         ^
configure:13662: $? = 0
configure:13670: result: yes
configure:13829: checking that generated files are newer than configure
configure:13835: result: done
configure:13866: creating ./config.status

## ---------------------- ##
## Running config.status. ##
## ---------------------- ##

This file was extended by libb2 config.status 0.97, which was
generated by GNU Autoconf 2.69.  Invocation command line was

  CONFIG_FILES    = 
  CONFIG_HEADERS  = 
  CONFIG_LINKS    = 
  CONFIG_COMMANDS = 
  $ ./config.status 

on matthew-AM1M-S2H

config.status:1107: creating Makefile
config.status:1107: creating src/Makefile
config.status:1107: creating src/config.h
config.status:1288: src/config.h is unchanged
config.status:1336: executing depfiles commands
config.status:1336: executing libtool commands

## ---------------- ##
## Cache variables. ##
## ---------------- ##

ac_cv_build=x86_64-pc-linux-gnu
ac_cv_c_bigendian=no
ac_cv_c_compiler_gnu=yes
ac_cv_c_inline=inline
ac_cv_c_uint32_t=yes
ac_cv_c_uint64_t=yes
ac_cv_c_uint8_t=yes
ac_cv_env_CC_set=
ac_cv_env_CC_value=
ac_cv_env_CFLAGS_set=
ac_cv_env_CFLAGS_value=
ac_cv_env_CPPFLAGS_set=
ac_cv_env_CPPFLAGS_value=
ac_cv_env_CPP_set=
ac_cv_env_CPP_value=
ac_cv_env_LDFLAGS_set=
ac_cv_env_LDFLAGS_value=
ac_cv_env_LIBS_set=
ac_cv_env_LIBS_value=
ac_cv_env_LT_SYS_LIBRARY_PATH_set=
ac_cv_env_LT_SYS_LIBRARY_PATH_value=
ac_cv_env_build_alias_set=
ac_cv_env_build_alias_value=
ac_cv_env_host_alias_set=
ac_cv_env_host_alias_value=
ac_cv_env_target_alias_set=
ac_cv_env_target_alias_value=
ac_cv_func_memset=yes
ac_cv_header_dlfcn_h=yes
ac_cv_header_inttypes_h=yes
ac_cv_header_memory_h=yes
ac_cv_header_stdc=yes
ac_cv_header_stddef_h=yes
ac_cv_header_stdint_h=yes
ac_cv_header_stdlib_h=yes
ac_cv_header_string_h=yes
ac_cv_header_strings_h=yes
ac_cv_header_sys_stat_h=yes
ac_cv_header_sys_types_h=yes
ac_cv_header_unistd_h=yes
ac_cv_host=x86_64-pc-linux-gnu
ac_cv_objext=o
ac_cv_path_EGREP='/bin/grep -E'
ac_cv_path_FGREP='/bin/grep -F'
ac_cv_path_GREP=/bin/grep
ac_cv_path_SED=/bin/sed
ac_cv_path_install='/usr/bin/install -c'
ac_cv_path_lt_DD=/bin/dd
ac_cv_path_mkdir=/bin/mkdir
ac_cv_prog_AWK=mawk
ac_cv_prog_CPP='gcc -E'
ac_cv_prog_ac_ct_AR=ar
ac_cv_prog_ac_ct_CC=gcc
ac_cv_prog_ac_ct_MANIFEST_TOOL=mt
ac_cv_prog_ac_ct_OBJDUMP=objdump
ac_cv_prog_ac_ct_RANLIB=ranlib
ac_cv_prog_ac_ct_STRIP=strip
ac_cv_prog_c_openmp=-fopenmp
ac_cv_prog_cc_c89=
ac_cv_prog_cc_c99=
ac_cv_prog_cc_g=yes
ac_cv_prog_make_make_set=yes
ac_cv_type_size_t=yes
am_cv_CC_dependencies_compiler_type=gcc3
am_cv_make_support_nested_variables=yes
am_cv_prog_cc_c_o=yes
ax_cv_check_cflags___O3=yes
ax_cv_check_cflags___march_native=yes
ax_cv_check_cflags___mavx=yes
ax_cv_check_cflags___mmmx=yes
ax_cv_check_cflags___msse2=yes
ax_cv_check_cflags___msse3=yes
ax_cv_check_cflags___msse4_1=yes
ax_cv_check_cflags___msse4_2=yes
ax_cv_check_cflags___msse=yes
ax_cv_check_cflags___mssse3=yes
ax_cv_gcc_x86_cpuid_0x00000001=700f01:3040800:3ed8220b:178bfbff
ax_cv_gcc_x86_cpuid_=unknown
ax_cv_have_aligned_access_required=no
ax_cv_have_avx_ext=yes
ax_cv_have_mmx_ext=yes
ax_cv_have_sse2_ext=yes
ax_cv_have_sse3_ext=yes
ax_cv_have_sse41_ext=yes
ax_cv_have_sse42_ext=yes
ax_cv_have_sse_ext=yes
ax_cv_have_ssse3_ext=yes
ax_cv_support_avx_ext=yes
ax_cv_support_mmx_ext=yes
ax_cv_support_sse2_ext=yes
ax_cv_support_sse3_ext=yes
ax_cv_support_sse41_ext=yes
ax_cv_support_sse42_ext=yes
ax_cv_support_sse_ext=yes
ax_cv_support_ssse3_ext=yes
lt_cv_ar_at_file=@
lt_cv_archive_cmds_need_lc=no
lt_cv_deplibs_check_method=pass_all
lt_cv_file_magic_cmd='$MAGIC_CMD'
lt_cv_file_magic_test_file=
lt_cv_ld_reload_flag=-r
lt_cv_nm_interface='BSD nm'
lt_cv_objdir=.libs
lt_cv_path_LD=/usr/bin/ld
lt_cv_path_NM='/usr/bin/nm -B'
lt_cv_path_mainfest_tool=no
lt_cv_prog_compiler_c_o=yes
lt_cv_prog_compiler_pic='-fPIC -DPIC'
lt_cv_prog_compiler_pic_works=yes
lt_cv_prog_compiler_rtti_exceptions=no
lt_cv_prog_compiler_static_works=yes
lt_cv_prog_gnu_ld=yes
lt_cv_sharedlib_from_linklib_cmd='printf %s\n'
lt_cv_shlibpath_overrides_runpath=no
lt_cv_sys_global_symbol_pipe='sed -n -e '\''s/^.*[	 ]\([ABCDGIRSTW][ABCDGIRSTW]*\)[	 ][	 ]*\([_A-Za-z][_A-Za-z0-9]*\)$/\1 \2 \2/p'\'' | sed '\''/ __gnu_lto/d'\'''
lt_cv_sys_global_symbol_to_c_name_address='sed -n -e '\''s/^: \(.*\) .*$/  {"\1", (void *) 0},/p'\'' -e '\''s/^[ABCDGIRSTW][ABCDGIRSTW]* .* \(.*\)$/  {"\1", (void *) \&\1},/p'\'''
lt_cv_sys_global_symbol_to_c_name_address_lib_prefix='sed -n -e '\''s/^: \(.*\) .*$/  {"\1", (void *) 0},/p'\'' -e '\''s/^[ABCDGIRSTW][ABCDGIRSTW]* .* \(lib.*\)$/  {"\1", (void *) \&\1},/p'\'' -e '\''s/^[ABCDGIRSTW][ABCDGIRSTW]* .* \(.*\)$/  {"lib\1", (void *) \&\1},/p'\'''
lt_cv_sys_global_symbol_to_cdecl='sed -n -e '\''s/^T .* \(.*\)$/extern int \1();/p'\'' -e '\''s/^[ABCDGIRSTW][ABCDGIRSTW]* .* \(.*\)$/extern char \1;/p'\'''
lt_cv_sys_global_symbol_to_import=
lt_cv_sys_max_cmd_len=1572864
lt_cv_to_host_file_cmd=func_convert_file_noop
lt_cv_to_tool_file_cmd=func_convert_file_noop
lt_cv_truncate_bin='/bin/dd bs=4096 count=1'

## ----------------- ##
## Output variables. ##
## ----------------- ##

ACLOCAL='${SHELL} /home/matthew/Desktop/Code/libwaves/src/utils/libb2/missing aclocal-1.15'
AMDEPBACKSLASH='\'
AMDEP_FALSE='#'
AMDEP_TRUE=''
AMTAR='$${TAR-tar}'
AM_BACKSLASH='\'
AM_DEFAULT_V='$(AM_DEFAULT_VERBOSITY)'
AM_DEFAULT_VERBOSITY='1'
AM_V='$(V)'
AR='ar'
AUTOCONF='${SHELL} /home/matthew/Desktop/Code/libwaves/src/utils/libb2/missing autoconf'
AUTOHEADER='${SHELL} /home/matthew/Desktop/Code/libwaves/src/utils/libb2/missing autoheader'
AUTOMAKE='${SHELL} /home/matthew/Desktop/Code/libwaves/src/utils/libb2/missing automake-1.15'
AWK='mawk'
B2_LIBRARY_VERSION='1:2:0'
CC='gcc'
CCDEPMODE='depmode=gcc3'
CFLAGS='-O3 -march=native  -mmmx -msse -msse2 -msse3 -mssse3 -msse4.1 -msse4.2 -mavx'
CPP='gcc -E'
CPPFLAGS=''
CYGPATH_W='echo'
DEFS='-DHAVE_CONFIG_H'
DEPDIR='.deps'
DLLTOOL='false'
DSYMUTIL=''
DUMPBIN=''
ECHO_C=''
ECHO_N='-n'
ECHO_T=''
EGREP='/bin/grep -E'
EXEEXT=''
FGREP='/bin/grep -F'
GREP='/bin/grep'
INSTALL_DATA='${INSTALL} -m 644'
INSTALL_PROGRAM='${INSTALL}'
INSTALL_SCRIPT='${INSTALL}'
INSTALL_STRIP_PROGRAM='$(install_sh) -c -s'
LD='/usr/bin/ld -m elf_x86_64'
LDFLAGS=''
LIBOBJS=''
LIBS=''
LIBTOOL='$(SHELL) $(top_builddir)/libtool'
LIPO=''
LN_S='ln -s'
LTLIBOBJS=''
LT_SYS_LIBRARY_PATH=''
MAKEINFO='${SHELL} /home/matthew/Desktop/Code/libwaves/src/utils/libb2/missing makeinfo'
MANIFEST_TOOL=':'
MKDIR_P='/bin/mkdir -p'
NM='/usr/bin/nm -B'
NMEDIT=''
OBJDUMP='objdump'
OBJEXT='o'
OPENMP_CFLAGS='-fopenmp'
OTOOL64=''
OTOOL=''
PACKAGE='libb2'
PACKAGE_BUGREPORT='contact@blake2.net'
PACKAGE_NAME='libb2'
PACKAGE_STRING='libb2 0.97'
PACKAGE_TARNAME='libb2'
PACKAGE_URL='https://blake2.net'
PACKAGE_VERSION='0.97'
PATH_SEPARATOR=':'
RANLIB='ranlib'
SED='/bin/sed'
SET_MAKE=''
SHELL='/bin/bash'
SIMD_FLAGS=' -mmmx -msse -msse2 -msse3 -mssse3 -msse4.1 -msse4.2 -mavx'
STRIP='strip'
USE_FAT_FALSE=''
USE_FAT_TRUE='#'
USE_SSE_FALSE='#'
USE_SSE_TRUE=''
VERSION='0.97'
ac_ct_AR='ar'
ac_ct_CC='gcc'
ac_ct_DUMPBIN=''
am__EXEEXT_FALSE=''
am__EXEEXT_TRUE='#'
am__fastdepCC_FALSE='#'
am__fastdepCC_TRUE=''
am__include='include'
am__isrc=''
am__leading_dot='.'
am__nodep='_no'
am__quote=''
am__tar='$${TAR-tar} chof - "$$tardir"'
am__untar='$${TAR-tar} xf -'
bindir='${exec_prefix}/bin'
build='x86_64-pc-linux-gnu'
build_alias=''
build_cpu='x86_64'
build_os='linux-gnu'
build_vendor='pc'
datadir='${datarootdir}'
datarootdir='${prefix}/share'
docdir='${datarootdir}/doc/${PACKAGE_TARNAME}'
dvidir='${docdir}'
exec_prefix='${prefix}'
host='x86_64-pc-linux-gnu'
host_alias=''
host_cpu='x86_64'
host_os='linux-gnu'
host_vendor='pc'
htmldir='${docdir}'
includedir='${prefix}/include'
infodir='${datarootdir}/info'
install_sh='${SHELL} /home/matthew/Desktop/Code/libwaves/src/utils/libb2/install-sh'
libdir='${exec_prefix}/lib'
libexecdir='${exec_prefix}/libexec'
localedir='${datarootdir}/locale'
localstatedir='${prefix}/var'
mandir='${datarootdir}/man'
mkdir_p='$(MKDIR_P)'
oldincludedir='/usr/include'
pdfdir='${docdir}'
prefix='/usr/local'
program_transform_name='s,x,x,'
psdir='${docdir}'
runstatedir='${localstatedir}/run'
sbindir='${exec_prefix}/sbin'
sharedstatedir='${prefix}/com'
sysconfdir='${prefix}/etc'
target_alias=''

## ----------- ##
## confdefs.h. ##
## ----------- ##

/* confdefs.h */
#define PACKAGE_NAME "libb2"
#define PACKAGE_TARNAME "libb2"
#define PACKAGE_VERSION "0.97"
#define PACKAGE_STRING "libb2 0.97"
#define PACKAGE_BUGREPORT "contact@blake2.net"
#define PACKAGE_URL "https://blake2.net"
#define PACKAGE "libb2"
#define VERSION "0.97"
#define STDC_HEADERS 1
#define HAVE_SYS_TYPES_H 1
#define HAVE_SYS_STAT_H 1
#define HAVE_STDLIB_H 1
#define HAVE_STRING_H 1
#define HAVE_MEMORY_H 1
#define HAVE_STRINGS_H 1
#define HAVE_INTTYPES_H 1
#define HAVE_STDINT_H 1
#define HAVE_UNISTD_H 1
#define HAVE_STDDEF_H 1
#define HAVE_STDINT_H 1
#define HAVE_STDLIB_H 1
#define HAVE_STRING_H 1
#define NATIVE_LITTLE_ENDIAN 1
#define HAVE_MEMSET 1
#define HAVE_DLFCN_H 1
#define LT_OBJDIR ".libs/"
#define HAVE_MMX /**/
#define HAVE_SSE /**/
#define HAVE_SSE2 /**/
#define HAVE_SSE3 /**/
#define HAVE_SSSE3 /**/
#define HAVE_SSE4_1 /**/
#define HAVE_SSE4_2 /**/
#define HAVE_AVX /**/

configure: exit 0
